<?xml version="1.0" encoding="UTF-8"?>
<!-- Generated by org.testng.reporters.JUnitReportReporter -->
<testsuite hostname="LPP00185386B" failures="0" tests="1" name="com.example.miniproject.saucedemo.test.CheckoutPageTest" time="53.876" errors="0" timestamp="2021-10-04T14:01:00 ICT" skipped="0">
  <testcase classname="com.example.miniproject.saucedemo.test.CheckoutPageTest" name="CheckoutSuccessfullyTest" time="53.876"/>
  <system-out/>
</testsuite> <!-- com.example.miniproject.saucedemo.test.CheckoutPageTest -->
